<?xml version="1.0" encoding="UTF-8"?>
<testng-results skipped="0" failed="0" total="1" passed="1">
  <reporter-output>
  </reporter-output>
  <suite name="Default suite" duration-ms="111987" started-at="2014-08-03T16:37:14Z" finished-at="2014-08-03T16:39:06Z">
    <groups>
    </groups>
    <test name="Default test" duration-ms="111987" started-at="2014-08-03T16:37:14Z" finished-at="2014-08-03T16:39:06Z">
      <class name="testng.webdriver.framework.test.EfTestHelp">
        <test-method status="PASS" signature="open_ef_home_page()[pri:0, instance:testng.webdriver.framework.test.EfTestHelp@284a6c0]" name="open_ef_home_page" duration-ms="111834" started-at="2014-08-03T17:37:15Z" finished-at="2014-08-03T17:39:06Z">
          <reporter-output>
          </reporter-output>
        </test-method> <!-- open_ef_home_page -->
        <test-method status="PASS" signature="tearDown()[pri:0, instance:testng.webdriver.framework.test.EfTestHelp@284a6c0]" name="tearDown" is-config="true" duration-ms="114" started-at="2014-08-03T17:39:06Z" finished-at="2014-08-03T17:39:06Z">
          <reporter-output>
          </reporter-output>
        </test-method> <!-- tearDown -->
      </class> <!-- testng.webdriver.framework.test.EfTestHelp -->
    </test> <!-- Default test -->
  </suite> <!-- Default suite -->
</testng-results>
